{"/Volumes/black_disk/work/rehovot/lecture/29ass/nodeProjectLess64/frontend/testing/src/components/Todos.tsx": {"path":"/Volumes/black_disk/work/rehovot/lecture/29ass/nodeProjectLess64/frontend/testing/src/components/Todos.tsx","statementMap":{"0":{"start":{"line":1,"column":0},"end":{"line":1,"column":32}},"1":{"start":{"line":4,"column":30},"end":{"line":4,"column":52}},"2":{"start":{"line":5,"column":28},"end":{"line":5,"column":40}},"3":{"start":{"line":6,"column":4},"end":{"line":13,"column":null}},"4":{"start":{"line":7,"column":37},"end":{"line":7,"column":67}},"5":{"start":{"line":11,"column":89},"end":{"line":11,"column":112}},"6":{"start":{"line":12,"column":68},"end":{"line":12,"column":94}},"7":{"start":{"line":3,"column":0},"end":{"line":3,"column":16}}},"fnMap":{"0":{"name":"Todos","decl":{"start":{"line":3,"column":16},"end":{"line":3,"column":21}},"loc":{"start":{"line":3,"column":21},"end":{"line":14,"column":1}}},"1":{"name":"(anonymous_1)","decl":{"start":{"line":7,"column":19},"end":{"line":7,"column":20}},"loc":{"start":{"line":7,"column":37},"end":{"line":7,"column":67}}},"2":{"name":"(anonymous_2)","decl":{"start":{"line":11,"column":82},"end":{"line":11,"column":83}},"loc":{"start":{"line":11,"column":89},"end":{"line":11,"column":112}}},"3":{"name":"(anonymous_3)","decl":{"start":{"line":12,"column":62},"end":{"line":12,"column":65}},"loc":{"start":{"line":12,"column":68},"end":{"line":12,"column":94}}}},"branchMap":{},"s":{"0":1,"1":3,"2":3,"3":3,"4":1,"5":1,"6":1,"7":1},"f":{"0":3,"1":1,"2":1,"3":1},"b":{}}
}
